<?xml version="1.0" encoding="UTF-8"?>
<testsuite name="com.textdiff.task.TaskManagerTest" tests="4" skipped="0" failures="0" errors="0" timestamp="2026-09-16T00:18:24" hostname="DESKTOP-0GHIHQ5" time="0.914">
  <properties/>
  <testcase name="batchRegenerateImmediateAndScheduled(Path)" classname="com.textdiff.task.TaskManagerTest" time="0.675"/>
  <testcase name="jobDoneRegistersAndRunsDefaults(Path)" classname="com.textdiff.task.TaskManagerTest" time="0.061"/>
  <testcase name="settingsPersistAndAffectExportDir(Path)" classname="com.textdiff.task.TaskManagerTest" time="0.063"/>
  <testcase name="regenerateRerunsExportTask(Path)" classname="com.textdiff.task.TaskManagerTest" time="0.114"/>
  <system-out><![CDATA[]]></system-out>
  <system-err><![CDATA[]]></system-err>
</testsuite>
