<?xml version="1.0" encoding="UTF-8"?>
<testsuite name="com.textdiff.store.TaskStoreTest" tests="7" skipped="0" failures="0" errors="0" timestamp="2026-09-16T00:17:57" hostname="DESKTOP-0GHIHQ5" time="0.238">
  <properties/>
  <testcase name="saveListAndReloadFromJsonl(Path)" classname="com.textdiff.store.TaskStoreTest" time="0.036"/>
  <testcase name="scheduledAtPersistsJsonlAndH2(Path)" classname="com.textdiff.store.TaskStoreTest" time="0.031"/>
  <testcase name="deleteForJobsCascades(Path)" classname="com.textdiff.store.TaskStoreTest" time="0.006"/>
  <testcase name="reloadAfterH2Deleted(Path)" classname="com.textdiff.store.TaskStoreTest" time="0.033"/>
  <testcase name="statusUpdatePersistsLastWin(Path)" classname="com.textdiff.store.TaskStoreTest" time="0.005"/>
  <testcase name="deleteRemovesRecordAndDoesNotResurrect(Path)" classname="com.textdiff.store.TaskStoreTest" time="0.089"/>
  <testcase name="h2MirrorReceivesSaves(Path)" classname="com.textdiff.store.TaskStoreTest" time="0.036"/>
  <system-out><![CDATA[]]></system-out>
  <system-err><![CDATA[]]></system-err>
</testsuite>
