<?xml version="1.0" encoding="UTF-8"?>
<testsuite name="com.textdiff.engine.CompareConfigTest" tests="3" skipped="0" failures="0" errors="0" timestamp="2026-09-16T00:17:18" hostname="DESKTOP-0GHIHQ5" time="0.004">
  <properties/>
  <testcase name="rowDiffFactories()" classname="com.textdiff.engine.CompareConfigTest" time="0.001"/>
  <testcase name="defaults()" classname="com.textdiff.engine.CompareConfigTest" time="0.001"/>
  <testcase name="skipSetMergesOmitAndIgnoreDeduped()" classname="com.textdiff.engine.CompareConfigTest" time="0.001"/>
  <system-out><![CDATA[]]></system-out>
  <system-err><![CDATA[]]></system-err>
</testsuite>
