<?xml version="1.0" encoding="UTF-8"?>
<testsuite name="com.textdiff.config.CharsetSmokeCheckTest" tests="2" skipped="0" failures="0" errors="0" timestamp="2026-09-16T00:17:16" hostname="DESKTOP-0GHIHQ5" time="0.005">
  <properties/>
  <testcase name="requiredCharsetsPresentOnFullJre()" classname="com.textdiff.config.CharsetSmokeCheckTest" time="0.002"/>
  <testcase name="missingCharsetReports()" classname="com.textdiff.config.CharsetSmokeCheckTest" time="0.002"/>
  <system-out><![CDATA[]]></system-out>
  <system-err><![CDATA[]]></system-err>
</testsuite>
