<?xml version="1.0" encoding="UTF-8"?>
<testsuite name="com.textdiff.engine.ParserTest" tests="5" skipped="0" failures="0" errors="0" timestamp="2026-09-16T00:17:19" hostname="DESKTOP-0GHIHQ5" time="0.006">
  <properties/>
  <testcase name="recnumCheckThreeStates()" classname="com.textdiff.engine.ParserTest" time="0.001"/>
  <testcase name="trailerBareKeyNoEquals()" classname="com.textdiff.engine.ParserTest" time="0.0"/>
  <testcase name="parseDataSeparatesRowsTrailerAndEmpty()" classname="com.textdiff.engine.ParserTest" time="0.001"/>
  <testcase name="splitColumnsKeepsTrailingEmpty()" classname="com.textdiff.engine.ParserTest" time="0.001"/>
  <testcase name="trailerValueWithDelimiterNotSplitAndUnquoted()" classname="com.textdiff.engine.ParserTest" time="0.0"/>
  <system-out><![CDATA[]]></system-out>
  <system-err><![CDATA[]]></system-err>
</testsuite>
