<?xml version="1.0" encoding="UTF-8"?>
<testsuite name="com.textdiff.ai.AiPipelineTest" tests="4" skipped="0" failures="0" errors="0" timestamp="2026-09-16T00:17:16" hostname="DESKTOP-0GHIHQ5" time="0.271">
  <properties/>
  <testcase name="promptRenderingFillsAllPlaceholders(Path)" classname="com.textdiff.ai.AiPipelineTest" time="0.161"/>
  <testcase name="extractorFindsPatterns(Path)" classname="com.textdiff.ai.AiPipelineTest" time="0.007"/>
  <testcase name="noDiffOmitsDynamicSection(Path)" classname="com.textdiff.ai.AiPipelineTest" time="0.014"/>
  <testcase name="aiCallProducesMarkdownAnalysis(Path)" classname="com.textdiff.ai.AiPipelineTest" time="0.085"/>
  <system-out><![CDATA[]]></system-out>
  <system-err><![CDATA[]]></system-err>
</testsuite>
