<?xml version="1.0" encoding="UTF-8"?>
<testsuite name="com.textdiff.ai.AiClientTest" tests="5" skipped="0" failures="0" errors="0" timestamp="2026-09-16T00:17:15" hostname="DESKTOP-0GHIHQ5" time="0.79">
  <properties/>
  <testcase name="transientServerErrorsRetriedUntilSuccess()" classname="com.textdiff.ai.AiClientTest" time="0.739"/>
  <testcase name="authErrorFailsFastWithoutRetry()" classname="com.textdiff.ai.AiClientTest" time="0.011"/>
  <testcase name="streamingSseAccumulatesDeltas()" classname="com.textdiff.ai.AiClientTest" time="0.01"/>
  <testcase name="contextTooLongThrowsSpecificExceptionWithoutRetry()" classname="com.textdiff.ai.AiClientTest" time="0.011"/>
  <testcase name="streamUnsupportedFallsBackToBlocking()" classname="com.textdiff.ai.AiClientTest" time="0.015"/>
  <system-out><![CDATA[]]></system-out>
  <system-err><![CDATA[]]></system-err>
</testsuite>
