<?xml version="1.0" encoding="UTF-8"?>
<testsuite name="com.textdiff.config.AppConfigIniTest" tests="3" skipped="0" failures="0" errors="0" timestamp="2026-09-16T00:17:16" hostname="DESKTOP-0GHIHQ5" time="0.019">
  <properties/>
  <testcase name="generatesDefaultIniWhenMissing(Path)" classname="com.textdiff.config.AppConfigIniTest" time="0.007"/>
  <testcase name="editedIniTakesEffectAfterReload(Path)" classname="com.textdiff.config.AppConfigIniTest" time="0.005"/>
  <testcase name="doesNotOverwriteExistingIni(Path)" classname="com.textdiff.config.AppConfigIniTest" time="0.005"/>
  <system-out><![CDATA[[config] 已生成默认配置文件: C:\Users\OxygeN\AppData\Local\Temp\junit11195095434608969280\config.ini（请按需修改后重启生效）
[config] 已生成默认配置文件: C:\Users\OxygeN\AppData\Local\Temp\junit2836925579329882289\config.ini（请按需修改后重启生效）
]]></system-out>
  <system-err><![CDATA[]]></system-err>
</testsuite>
