<?xml version="1.0" encoding="UTF-8"?>
<testsuite name="com.textdiff.controller.FieldMapEndpointTest" tests="2" skipped="0" failures="0" errors="0" timestamp="2026-09-16T00:17:18" hostname="DESKTOP-0GHIHQ5" time="0.063">
  <properties/>
  <testcase name="importStructureStoresMappingsWithoutGeneratingConf()" classname="com.textdiff.controller.FieldMapEndpointTest" time="0.056"/>
  <testcase name="importWithUnrecognizedCsvRejected()" classname="com.textdiff.controller.FieldMapEndpointTest" time="0.006"/>
  <system-out><![CDATA[2026-09-16T08:17:18.332+08:00  INFO 17356 --- [textdiff] [    Test worker] t.c.s.AnnotationConfigContextLoaderUtils : Could not detect default configuration classes for test class [com.textdiff.controller.FieldMapEndpointTest]: FieldMapEndpointTest does not declare any static, non-private, non-final, nested classes annotated with @Configuration.
2026-09-16T08:17:18.336+08:00  INFO 17356 --- [textdiff] [    Test worker] .b.t.c.SpringBootTestContextBootstrapper : Found @SpringBootConfiguration com.textdiff.Application for test class com.textdiff.controller.FieldMapEndpointTest
]]></system-out>
  <system-err><![CDATA[]]></system-err>
</testsuite>
