<?xml version="1.0" encoding="UTF-8"?>
<testsuite name="com.textdiff.controller.HealthControllerTest" tests="1" skipped="0" failures="0" errors="0" timestamp="2026-09-16T00:17:18" hostname="DESKTOP-0GHIHQ5" time="0.006">
  <properties/>
  <testcase name="healthReturnsOk()" classname="com.textdiff.controller.HealthControllerTest" time="0.006"/>
  <system-out><![CDATA[2026-09-16T08:17:18.410+08:00  INFO 17356 --- [textdiff] [    Test worker] t.c.s.AnnotationConfigContextLoaderUtils : Could not detect default configuration classes for test class [com.textdiff.controller.HealthControllerTest]: HealthControllerTest does not declare any static, non-private, non-final, nested classes annotated with @Configuration.
2026-09-16T08:17:18.431+08:00  INFO 17356 --- [textdiff] [    Test worker] .b.t.c.SpringBootTestContextBootstrapper : Found @SpringBootConfiguration com.textdiff.Application for test class com.textdiff.controller.HealthControllerTest

  .   ____          _            __ _ _
 /\\ / ___'_ __ _ _(_)_ __  __ _ \ \ \ \
( ( )\___ | '_ | '_| | '_ \/ _` | \ \ \ \
 \\/  ___)| |_)| | | | | || (_| |  ) ) ) )
  '  |____| .__|_| |_|_| |_\__, | / / / /
 =========|_|==============|___/=/_/_/_/

 :: Spring Boot ::                (v3.3.4)

2026-09-16T08:17:18.470+08:00  INFO 17356 --- [textdiff] [    Test worker] c.t.controller.HealthControllerTest      : Starting HealthControllerTest using Java 21.0.11 with PID 17356 (started by OxygeN in O:\CodeRepos\TextDiffJava)
2026-09-16T08:17:18.470+08:00  INFO 17356 --- [textdiff] [    Test worker] c.t.controller.HealthControllerTest      : No active profile set, falling back to 1 default profile: "default"
2026-09-16T08:17:18.684+08:00  INFO 17356 --- [textdiff] [    Test worker] o.s.b.a.w.s.WelcomePageHandlerMapping    : Adding welcome page: class path resource [web/index.html]
2026-09-16T08:17:18.735+08:00  INFO 17356 --- [textdiff] [    Test worker] o.s.b.t.m.w.SpringBootMockServletContext : Initializing Spring TestDispatcherServlet ''
2026-09-16T08:17:18.736+08:00  INFO 17356 --- [textdiff] [    Test worker] o.s.t.web.servlet.TestDispatcherServlet  : Initializing Servlet ''
2026-09-16T08:17:18.736+08:00  INFO 17356 --- [textdiff] [    Test worker] o.s.t.web.servlet.TestDispatcherServlet  : Completed initialization in 0 ms
2026-09-16T08:17:18.742+08:00  INFO 17356 --- [textdiff] [    Test worker] c.t.controller.HealthControllerTest      : Started HealthControllerTest in 0.305 seconds (process running for 15.481)
]]></system-out>
  <system-err><![CDATA[]]></system-err>
</testsuite>
