<?xml version="1.0" encoding="UTF-8"?>
<testsuite name="com.textdiff.store.FileJobStoreTest" tests="5" skipped="0" failures="0" errors="0" timestamp="2026-09-16T00:17:57" hostname="DESKTOP-0GHIHQ5" time="0.028">
  <properties/>
  <testcase name="copiesAreDefensive(Path)" classname="com.textdiff.store.FileJobStoreTest" time="0.004"/>
  <testcase name="roundTripAcrossReopen(Path)" classname="com.textdiff.store.FileJobStoreTest" time="0.007"/>
  <testcase name="noteUpsertByKeyJobZone(Path)" classname="com.textdiff.store.FileJobStoreTest" time="0.004"/>
  <testcase name="lastWriteWins(Path)" classname="com.textdiff.store.FileJobStoreTest" time="0.006"/>
  <testcase name="toleratesCorruptTailLine(Path)" classname="com.textdiff.store.FileJobStoreTest" time="0.005"/>
  <system-out><![CDATA[]]></system-out>
  <system-err><![CDATA[]]></system-err>
</testsuite>
