<?xml version="1.0" encoding="UTF-8"?>
<testsuite name="com.textdiff.export.CsvExporterTest" tests="4" skipped="0" failures="0" errors="0" timestamp="2026-09-16T00:17:20" hostname="DESKTOP-0GHIHQ5" time="0.016">
  <properties/>
  <testcase name="utf8BomPresent(Path)" classname="com.textdiff.export.CsvExporterTest" time="0.003"/>
  <testcase name="fullExportAllRowsAllFields(Path)" classname="com.textdiff.export.CsvExporterTest" time="0.003"/>
  <testcase name="rfc4180Escaping(Path)" classname="com.textdiff.export.CsvExporterTest" time="0.004"/>
  <testcase name="diffExportOneFieldPerRow(Path)" classname="com.textdiff.export.CsvExporterTest" time="0.003"/>
  <system-out><![CDATA[]]></system-out>
  <system-err><![CDATA[]]></system-err>
</testsuite>
