<?xml version="1.0" encoding="UTF-8"?>
<testsuite name="com.textdiff.engine.offheap.OffHeapKeyIndexContractTest" tests="4" skipped="0" failures="0" errors="0" timestamp="2026-09-16T00:17:19" hostname="DESKTOP-0GHIHQ5" time="0.089">
  <properties/>
  <testcase name="handlesUnicodeEmptyColsAndManyKeys()" classname="com.textdiff.engine.offheap.OffHeapKeyIndexContractTest" time="0.072"/>
  <testcase name="duplicateKeyOverwritesAndCounts()" classname="com.textdiff.engine.offheap.OffHeapKeyIndexContractTest" time="0.005"/>
  <testcase name="putThenGet()" classname="com.textdiff.engine.offheap.OffHeapKeyIndexContractTest" time="0.004"/>
  <testcase name="markSeenAndUnseenOrderIndependent()" classname="com.textdiff.engine.offheap.OffHeapKeyIndexContractTest" time="0.006"/>
  <system-out><![CDATA[]]></system-out>
  <system-err><![CDATA[]]></system-err>
</testsuite>
