<?xml version="1.0" encoding="UTF-8"?>
<testsuite name="com.textdiff.store.DualJobStoreTest" tests="7" skipped="0" failures="0" errors="0" timestamp="2026-09-16T00:17:20" hostname="DESKTOP-0GHIHQ5" time="36.957">
  <properties/>
  <testcase name="fileRemainsSourceOfTruth(Path)" classname="com.textdiff.store.DualJobStoreTest" time="9.196"/>
  <testcase name="interruptedCommandRequeuedOnRestart(Path)" classname="com.textdiff.store.DualJobStoreTest" time="9.223"/>
  <testcase name="commandMailboxDisabledWithH2(Path)" classname="com.textdiff.store.DualJobStoreTest" time="0.004"/>
  <testcase name="disabledH2FallsBackToFileOnly(Path)" classname="com.textdiff.store.DualJobStoreTest" time="0.005"/>
  <testcase name="noteUpsertMirrored(Path)" classname="com.textdiff.store.DualJobStoreTest" time="9.311"/>
  <testcase name="h2MirrorReceivesWrites(Path)" classname="com.textdiff.store.DualJobStoreTest" time="4.611"/>
  <testcase name="commandMailboxLifecycle(Path)" classname="com.textdiff.store.DualJobStoreTest" time="4.6"/>
  <system-out><![CDATA[]]></system-out>
  <system-err><![CDATA[]]></system-err>
</testsuite>
