<?xml version="1.0" encoding="UTF-8"?>
<testsuite name="com.textdiff.engine.RulesTest" tests="8" skipped="0" failures="0" errors="0" timestamp="2026-09-16T00:17:19" hostname="DESKTOP-0GHIHQ5" time="0.012">
  <properties/>
  <testcase name="ruleEngineKeyOfAndMalformed()" classname="com.textdiff.engine.RulesTest" time="0.001"/>
  <testcase name="delimPreservesInnerSpaces()" classname="com.textdiff.engine.RulesTest" time="0.0"/>
  <testcase name="parseSeqOneBasedToZeroBasedSortedDeduped()" classname="com.textdiff.engine.RulesTest" time="0.001"/>
  <testcase name="parseLegacyMinimal()" classname="com.textdiff.engine.RulesTest" time="0.0"/>
  <testcase name="ruleEngineNormalizeAndSkip()" classname="com.textdiff.engine.RulesTest" time="0.0"/>
  <testcase name="matchGlobBasename()" classname="com.textdiff.engine.RulesTest" time="0.0"/>
  <testcase name="parseLegacyArrowPrefixStripped()" classname="com.textdiff.engine.RulesTest" time="0.0"/>
  <testcase name="roundTripFullLine()" classname="com.textdiff.engine.RulesTest" time="0.005"/>
  <system-out><![CDATA[]]></system-out>
  <system-err><![CDATA[]]></system-err>
</testsuite>
