<?xml version="1.0" encoding="UTF-8"?>
<testsuite name="com.textdiff.store.StructureCsvTest" tests="12" skipped="0" failures="0" errors="0" timestamp="2026-09-16T00:17:57" hostname="DESKTOP-0GHIHQ5" time="0.014">
  <properties/>
  <testcase name="parseFieldsReadsFieldIndexAndLength()" classname="com.textdiff.store.StructureCsvTest" time="0.001"/>
  <testcase name="parseTypesReadsOwnershipGroup()" classname="com.textdiff.store.StructureCsvTest" time="0.0"/>
  <testcase name="parseFieldsRowOrderPerReport()" classname="com.textdiff.store.StructureCsvTest" time="0.001"/>
  <testcase name="utf8BomStripped()" classname="com.textdiff.store.StructureCsvTest" time="0.0"/>
  <testcase name="gbkFallbackDecodesChinese()" classname="com.textdiff.store.StructureCsvTest" time="0.001"/>
  <testcase name="missingRequiredColumnsThrows()" classname="com.textdiff.store.StructureCsvTest" time="0.001"/>
  <testcase name="quotedFieldsWithCommaAndEscapedQuote()" classname="com.textdiff.store.StructureCsvTest" time="0.0"/>
  <testcase name="kindOfByHeaderWhenNameUnknown()" classname="com.textdiff.store.StructureCsvTest" time="0.001"/>
  <testcase name="kindOfByFileNameConvention()" classname="com.textdiff.store.StructureCsvTest" time="0.0"/>
  <testcase name="quotedFieldWithEmbeddedNewlineKeepsRecordIntact()" classname="com.textdiff.store.StructureCsvTest" time="0.001"/>
  <testcase name="parseTypesMapsFileNicknameType()" classname="com.textdiff.store.StructureCsvTest" time="0.0"/>
  <testcase name="parseFieldsExplicitSeqColumnOneBased()" classname="com.textdiff.store.StructureCsvTest" time="0.0"/>
  <system-out><![CDATA[]]></system-out>
  <system-err><![CDATA[]]></system-err>
</testsuite>
