<?xml version="1.0" encoding="UTF-8"?>
<testsuite name="com.textdiff.store.ResultFilesTest" tests="5" skipped="0" failures="0" errors="0" timestamp="2026-09-16T00:17:57" hostname="DESKTOP-0GHIHQ5" time="0.034">
  <properties/>
  <testcase name="streamSkipsCorruptLine(Path)" classname="com.textdiff.store.ResultFilesTest" time="0.004"/>
  <testcase name="summaryAndMetaRoundTrip(Path)" classname="com.textdiff.store.ResultFilesTest" time="0.01"/>
  <testcase name="missingFileGivesEmptyPage(Path)" classname="com.textdiff.store.ResultFilesTest" time="0.003"/>
  <testcase name="engineEndToEndThroughSink(Path)" classname="com.textdiff.store.ResultFilesTest" time="0.008"/>
  <testcase name="sinkWritePageReadRoundTrip(Path)" classname="com.textdiff.store.ResultFilesTest" time="0.006"/>
  <system-out><![CDATA[]]></system-out>
  <system-err><![CDATA[]]></system-err>
</testsuite>
