<?xml version="1.0" encoding="UTF-8"?>
<testsuite name="com.textdiff.config.AppConfigTest" tests="3" skipped="0" failures="0" errors="0" timestamp="2026-09-16T00:17:16" hostname="DESKTOP-0GHIHQ5" time="0.012">
  <properties/>
  <testcase name="defaultsWhenNoFileNoEnv()" classname="com.textdiff.config.AppConfigTest" time="0.001"/>
  <testcase name="iniOverridesDefault(Path)" classname="com.textdiff.config.AppConfigTest" time="0.005"/>
  <testcase name="envOverridesIni(Path)" classname="com.textdiff.config.AppConfigTest" time="0.005"/>
  <system-out><![CDATA[]]></system-out>
  <system-err><![CDATA[]]></system-err>
</testsuite>
