<?xml version="1.0" encoding="UTF-8"?>
<testsuite name="com.textdiff.engine.PretransformTest" tests="2" skipped="0" failures="0" errors="0" timestamp="2026-09-16T00:17:19" hostname="DESKTOP-0GHIHQ5" time="0.014">
  <properties/>
  <testcase name="transformFileReplacesColumnsKeepsTrailerUtf8(Path)" classname="com.textdiff.engine.PretransformTest" time="0.012"/>
  <testcase name="transformedNameRules()" classname="com.textdiff.engine.PretransformTest" time="0.001"/>
  <system-out><![CDATA[]]></system-out>
  <system-err><![CDATA[]]></system-err>
</testsuite>
