<?xml version="1.0" encoding="UTF-8"?>
<testsuite name="com.textdiff.engine.AutoKeyIndexInMemoryContractTest" tests="4" skipped="0" failures="0" errors="0" timestamp="2026-09-16T00:17:18" hostname="DESKTOP-0GHIHQ5" time="0.026">
  <properties/>
  <testcase name="handlesUnicodeEmptyColsAndManyKeys()" classname="com.textdiff.engine.AutoKeyIndexInMemoryContractTest" time="0.015"/>
  <testcase name="duplicateKeyOverwritesAndCounts()" classname="com.textdiff.engine.AutoKeyIndexInMemoryContractTest" time="0.003"/>
  <testcase name="putThenGet()" classname="com.textdiff.engine.AutoKeyIndexInMemoryContractTest" time="0.002"/>
  <testcase name="markSeenAndUnseenOrderIndependent()" classname="com.textdiff.engine.AutoKeyIndexInMemoryContractTest" time="0.003"/>
  <system-out><![CDATA[]]></system-out>
  <system-err><![CDATA[]]></system-err>
</testsuite>
