<?xml version="1.0" encoding="UTF-8"?>
<testsuite name="com.textdiff.engine.EncodingTest" tests="8" skipped="0" failures="0" errors="0" timestamp="2026-09-16T00:17:18" hostname="DESKTOP-0GHIHQ5" time="0.028">
  <properties/>
  <testcase name="detectsEbcdicCp037ByDelimiterScoring()" classname="com.textdiff.engine.EncodingTest" time="0.002"/>
  <testcase name="detectsUtf16LeAndBeByBom()" classname="com.textdiff.engine.EncodingTest" time="0.003"/>
  <testcase name="iterLinesUniversalNewlines(Path)" classname="com.textdiff.engine.EncodingTest" time="0.005"/>
  <testcase name="iterLinesDecodesEbcdicRoundTrip(Path)" classname="com.textdiff.engine.EncodingTest" time="0.004"/>
  <testcase name="detectsPlainUtf8()" classname="com.textdiff.engine.EncodingTest" time="0.001"/>
  <testcase name="resolveEncodingBypassesDetectionForExplicit(Path)" classname="com.textdiff.engine.EncodingTest" time="0.004"/>
  <testcase name="detectsUtf8Bom()" classname="com.textdiff.engine.EncodingTest" time="0.0"/>
  <testcase name="iterLinesStripsUtf8Bom(Path)" classname="com.textdiff.engine.EncodingTest" time="0.004"/>
  <system-out><![CDATA[]]></system-out>
  <system-err><![CDATA[]]></system-err>
</testsuite>
