<?xml version="1.0" encoding="UTF-8"?>
<testsuite name="com.textdiff.engine.AutoKeyIndexSpilledContractTest" tests="5" skipped="0" failures="0" errors="0" timestamp="2026-09-16T00:17:18" hostname="DESKTOP-0GHIHQ5" time="0.115">
  <properties/>
  <testcase name="handlesUnicodeEmptyColsAndManyKeys()" classname="com.textdiff.engine.AutoKeyIndexSpilledContractTest" time="0.094"/>
  <testcase name="duplicateKeyOverwritesAndCounts()" classname="com.textdiff.engine.AutoKeyIndexSpilledContractTest" time="0.006"/>
  <testcase name="putThenGet()" classname="com.textdiff.engine.AutoKeyIndexSpilledContractTest" time="0.004"/>
  <testcase name="markSeenAndUnseenOrderIndependent()" classname="com.textdiff.engine.AutoKeyIndexSpilledContractTest" time="0.004"/>
  <testcase name="actuallySpills()" classname="com.textdiff.engine.AutoKeyIndexSpilledContractTest" time="0.004"/>
  <system-out><![CDATA[]]></system-out>
  <system-err><![CDATA[]]></system-err>
</testsuite>
